Flow report for parking_system
Sun Dec 09 20:09:37 2018
Quartus Prime Version 15.1.0 Build 185 10/21/2015 SJ Lite Edition


---------------------
; Table of Contents ;
---------------------
  1. Legal Notice
  2. Flow Summary
  3. Flow Settings
  4. Flow Non-Default Global Settings
  5. Flow Elapsed Time
  6. Flow OS Summary
  7. Flow Log
  8. Flow Messages
  9. Flow Suppressed Messages



----------------
; Legal Notice ;
----------------
Copyright (C) 1991-2015 Altera Corporation. All rights reserved.
Your use of Altera Corporation's design tools, logic functions 
and other software and tools, and its AMPP partner logic 
functions, and any output files from any of the foregoing 
(including device programming or simulation files), and any 
associated documentation or information are expressly subject 
to the terms and conditions of the Altera Program License 
Subscription Agreement, the Altera Quartus Prime License Agreement,
the Altera MegaCore Function License Agreement, or other 
applicable license agreement, including, without limitation, 
that your use is for the sole purpose of programming logic 
devices manufactured by Altera and sold by Altera or its 
authorized distributors.  Please refer to the applicable 
agreement for further details.



+----------------------------------------------------------------------------------+
; Flow Summary                                                                     ;
+------------------------------------+---------------------------------------------+
; Flow Status                        ; Successful - Sun Dec 09 20:09:37 2018       ;
; Quartus Prime Version              ; 15.1.0 Build 185 10/21/2015 SJ Lite Edition ;
; Revision Name                      ; parking_system                              ;
; Top-level Entity Name              ; parking_system                              ;
; Family                             ; MAX 10                                      ;
; Device                             ; 10M50DAF484C7G                              ;
; Timing Models                      ; Preliminary                                 ;
; Total logic elements               ; 3,811 / 49,760 ( 8 % )                      ;
;     Total combinational functions  ; 3,805 / 49,760 ( 8 % )                      ;
;     Dedicated logic registers      ; 609 / 49,760 ( 1 % )                        ;
; Total registers                    ; 609                                         ;
; Total pins                         ; 71 / 360 ( 20 % )                           ;
; Total virtual pins                 ; 0                                           ;
; Total memory bits                  ; 0 / 1,677,312 ( 0 % )                       ;
; Embedded Multiplier 9-bit elements ; 24 / 288 ( 8 % )                            ;
; Total PLLs                         ; 0 / 4 ( 0 % )                               ;
; UFM blocks                         ; 0 / 1 ( 0 % )                               ;
; ADC blocks                         ; 0 / 2 ( 0 % )                               ;
+------------------------------------+---------------------------------------------+


+-----------------------------------------+
; Flow Settings                           ;
+-------------------+---------------------+
; Option            ; Setting             ;
+-------------------+---------------------+
; Start date & time ; 12/09/2018 20:08:01 ;
; Main task         ; Compilation         ;
; Revision Name     ; parking_system      ;
+-------------------+---------------------+


+---------------------------------------------------------------------------------------------------------------------+
; Flow Non-Default Global Settings                                                                                    ;
+-------------------------------------+--------------------------------+---------------+-------------+----------------+
; Assignment Name                     ; Value                          ; Default Value ; Entity Name ; Section Id     ;
+-------------------------------------+--------------------------------+---------------+-------------+----------------+
; COMPILER_SIGNATURE_ID               ; 79965014609491.154437528003676 ; --            ; --          ; --             ;
; EDA_OUTPUT_DATA_FORMAT              ; Vhdl                           ; --            ; --          ; eda_simulation ;
; EDA_SIMULATION_TOOL                 ; ModelSim-Altera (VHDL)         ; <None>        ; --          ; --             ;
; MAX_CORE_JUNCTION_TEMP              ; 85                             ; --            ; --          ; --             ;
; MIN_CORE_JUNCTION_TEMP              ; 0                              ; --            ; --          ; --             ;
; PARTITION_COLOR                     ; 16764057                       ; --            ; --          ; Top            ;
; PARTITION_FITTER_PRESERVATION_LEVEL ; PLACEMENT_AND_ROUTING          ; --            ; --          ; Top            ;
; PARTITION_NETLIST_TYPE              ; SOURCE                         ; --            ; --          ; Top            ;
; PROJECT_OUTPUT_DIRECTORY            ; output_files                   ; --            ; --          ; --             ;
+-------------------------------------+--------------------------------+---------------+-------------+----------------+


+-------------------------------------------------------------------------------------------------------------------------------+
; Flow Elapsed Time                                                                                                             ;
+---------------------------+--------------+-------------------------+---------------------+------------------------------------+
; Module Name               ; Elapsed Time ; Average Processors Used ; Peak Virtual Memory ; Total CPU Time (on all processors) ;
+---------------------------+--------------+-------------------------+---------------------+------------------------------------+
; Analysis & Synthesis      ; 00:00:19     ; 1.0                     ; 5026 MB             ; 00:00:38                           ;
; Fitter                    ; 00:00:41     ; 1.2                     ; 5901 MB             ; 00:01:14                           ;
; Assembler                 ; 00:00:04     ; 1.0                     ; 4883 MB             ; 00:00:04                           ;
; TimeQuest Timing Analyzer ; 00:00:08     ; 1.4                     ; 5053 MB             ; 00:00:11                           ;
; EDA Netlist Writer        ; 00:00:02     ; 1.0                     ; 4867 MB             ; 00:00:02                           ;
; Total                     ; 00:01:14     ; --                      ; --                  ; 00:02:09                           ;
+---------------------------+--------------+-------------------------+---------------------+------------------------------------+


+----------------------------------------------------------------------------------------+
; Flow OS Summary                                                                        ;
+---------------------------+------------------+-----------+------------+----------------+
; Module Name               ; Machine Hostname ; OS Name   ; OS Version ; Processor type ;
+---------------------------+------------------+-----------+------------+----------------+
; Analysis & Synthesis      ; LAPTOP-EGA8EFBT  ; Windows 8 ; 6.2        ; x86_64         ;
; Fitter                    ; LAPTOP-EGA8EFBT  ; Windows 8 ; 6.2        ; x86_64         ;
; Assembler                 ; LAPTOP-EGA8EFBT  ; Windows 8 ; 6.2        ; x86_64         ;
; TimeQuest Timing Analyzer ; LAPTOP-EGA8EFBT  ; Windows 8 ; 6.2        ; x86_64         ;
; EDA Netlist Writer        ; LAPTOP-EGA8EFBT  ; Windows 8 ; 6.2        ; x86_64         ;
+---------------------------+------------------+-----------+------------+----------------+


------------
; Flow Log ;
------------
quartus_map --read_settings_files=on --write_settings_files=off parking_system -c parking_system
quartus_fit --read_settings_files=off --write_settings_files=off parking_system -c parking_system
quartus_asm --read_settings_files=off --write_settings_files=off parking_system -c parking_system
quartus_sta parking_system -c parking_system
quartus_eda --read_settings_files=off --write_settings_files=off parking_system -c parking_system



